2022-12-13 12:50:13,940 [INFO] Activator:177 - 


2022-12-13 12:50:13,941 [INFO] Activator:178 - !SESSION log4j initialized
2023-01-04 11:26:22,528 [INFO] Activator:177 - 


2023-01-04 11:26:22,529 [INFO] Activator:178 - !SESSION log4j initialized
2023-01-04 11:26:45,314 [ERROR] LogOutputStream:74 - [STDERR_REDIRECT] SLF4J: Failed to load class "org.slf4j.impl.StaticLoggerBinder".
2023-01-04 11:26:45,316 [ERROR] LogOutputStream:74 - [STDERR_REDIRECT] SLF4J: Defaulting to no-operation (NOP) logger implementation
2023-01-04 11:26:45,317 [ERROR] LogOutputStream:74 - [STDERR_REDIRECT] SLF4J: See http://www.slf4j.org/codes.html#StaticLoggerBinder for further details.
2023-01-04 11:28:41,071 [ERROR] LogOutputStream:74 - [STDERR_REDIRECT] Managed Build system manifest file error: Option fr.ac6.managedbuild.option.gnu.cross.mcu.325587632 uses a null category that is invalid in its context. The option was ignored.
2023-01-04 11:28:41,072 [ERROR] LogOutputStream:74 - [STDERR_REDIRECT] Managed Build system manifest file error: Option fr.ac6.managedbuild.option.gnu.cross.fpu.1898738573 uses a null category that is invalid in its context. The option was ignored.
2023-01-04 11:28:41,073 [ERROR] LogOutputStream:74 - [STDERR_REDIRECT] Managed Build system manifest file error: Option fr.ac6.managedbuild.option.gnu.cross.floatabi.357764089 uses a null category that is invalid in its context. The option was ignored.
2023-01-04 11:28:41,073 [ERROR] LogOutputStream:74 - [STDERR_REDIRECT] Managed Build system manifest file error: Option fr.ac6.managedbuild.option.gnu.cross.board.818957144 uses a null category that is invalid in its context. The option was ignored.
2023-01-04 11:28:41,080 [ERROR] LogOutputStream:74 - [STDERR_REDIRECT] Managed Build system manifest file error: Option fr.ac6.managedbuild.option.gnu.cross.mcu.422441364 uses a null category that is invalid in its context. The option was ignored.
2023-01-04 11:28:41,081 [ERROR] LogOutputStream:74 - [STDERR_REDIRECT] Managed Build system manifest file error: Option fr.ac6.managedbuild.option.gnu.cross.fpu.720576310 uses a null category that is invalid in its context. The option was ignored.
2023-01-04 11:28:41,081 [ERROR] LogOutputStream:74 - [STDERR_REDIRECT] Managed Build system manifest file error: Option fr.ac6.managedbuild.option.gnu.cross.floatabi.521426431 uses a null category that is invalid in its context. The option was ignored.
2023-01-04 11:28:41,082 [ERROR] LogOutputStream:74 - [STDERR_REDIRECT] Managed Build system manifest file error: Option fr.ac6.managedbuild.option.gnu.cross.board.728057368 uses a null category that is invalid in its context. The option was ignored.
2023-01-04 11:28:41,137 [ERROR] LogOutputStream:74 - [STDERR_REDIRECT] Managed Build system manifest file error: Option ilg.gnuarmeclipse.managedbuild.cross.option.addtools.createflash.1512919854 uses a null category that is invalid in its context. The option was ignored.
2023-01-04 11:28:41,138 [ERROR] LogOutputStream:74 - [STDERR_REDIRECT] Managed Build system manifest file error: Option ilg.gnuarmeclipse.managedbuild.cross.option.addtools.createlisting.151175592 uses a null category that is invalid in its context. The option was ignored.
2023-01-04 11:28:41,138 [ERROR] LogOutputStream:74 - [STDERR_REDIRECT] Managed Build system manifest file error: Option ilg.gnuarmeclipse.managedbuild.cross.option.addtools.printsize.1504584103 uses a null category that is invalid in its context. The option was ignored.
2023-01-04 11:28:41,138 [ERROR] LogOutputStream:74 - [STDERR_REDIRECT] Managed Build system manifest file error: Option ilg.gnuarmeclipse.managedbuild.cross.option.optimization.level.895906240 uses a null category that is invalid in its context. The option was ignored.
2023-01-04 11:28:41,139 [ERROR] LogOutputStream:74 - [STDERR_REDIRECT] Managed Build system manifest file error: Option ilg.gnuarmeclipse.managedbuild.cross.option.optimization.messagelength.1505974484 uses a null category that is invalid in its context. The option was ignored.
2023-01-04 11:28:41,139 [ERROR] LogOutputStream:74 - [STDERR_REDIRECT] Managed Build system manifest file error: Option ilg.gnuarmeclipse.managedbuild.cross.option.optimization.signedchar.58071730 uses a null category that is invalid in its context. The option was ignored.
2023-01-04 11:28:41,139 [ERROR] LogOutputStream:74 - [STDERR_REDIRECT] Managed Build system manifest file error: Option ilg.gnuarmeclipse.managedbuild.cross.option.optimization.functionsections.1677072779 uses a null category that is invalid in its context. The option was ignored.
2023-01-04 11:28:41,139 [ERROR] LogOutputStream:74 - [STDERR_REDIRECT] Managed Build system manifest file error: Option ilg.gnuarmeclipse.managedbuild.cross.option.optimization.datasections.1720414971 uses a null category that is invalid in its context. The option was ignored.
2023-01-04 11:28:41,140 [ERROR] LogOutputStream:74 - [STDERR_REDIRECT] Managed Build system manifest file error: Option ilg.gnuarmeclipse.managedbuild.cross.option.debugging.level.48765758 uses a null category that is invalid in its context. The option was ignored.
2023-01-04 11:28:41,140 [ERROR] LogOutputStream:74 - [STDERR_REDIRECT] Managed Build system manifest file error: Option ilg.gnuarmeclipse.managedbuild.cross.option.debugging.format.33229316 uses a null category that is invalid in its context. The option was ignored.
2023-01-04 11:28:41,140 [ERROR] LogOutputStream:74 - [STDERR_REDIRECT] Managed Build system manifest file error: Option ilg.gnuarmeclipse.managedbuild.cross.option.arm.target.family.1511212790 uses a null category that is invalid in its context. The option was ignored.
2023-01-04 11:28:41,141 [ERROR] LogOutputStream:74 - [STDERR_REDIRECT] Managed Build system manifest file error: Option ilg.gnuarmeclipse.managedbuild.cross.option.warnings.allwarn.1226961541 uses a null category that is invalid in its context. The option was ignored.
2023-01-04 11:28:41,141 [ERROR] LogOutputStream:74 - [STDERR_REDIRECT] Managed Build system manifest file error: Option ilg.gnuarmeclipse.managedbuild.cross.option.warnings.extrawarn.50078536 uses a null category that is invalid in its context. The option was ignored.
2023-01-04 11:28:41,141 [ERROR] LogOutputStream:74 - [STDERR_REDIRECT] Managed Build system manifest file error: Option ilg.gnuarmeclipse.managedbuild.cross.option.optimization.freestanding.1714671380 uses a null category that is invalid in its context. The option was ignored.
2023-01-04 11:28:41,142 [ERROR] LogOutputStream:74 - [STDERR_REDIRECT] Managed Build system manifest file error: Option ilg.gnuarmeclipse.managedbuild.cross.option.optimization.nomoveloopinvariants.1216646071 uses a null category that is invalid in its context. The option was ignored.
2023-01-04 11:28:41,142 [ERROR] LogOutputStream:74 - [STDERR_REDIRECT] Managed Build system manifest file error: Option ilg.gnuarmeclipse.managedbuild.cross.option.toolchain.name.341344876 uses a null category that is invalid in its context. The option was ignored.
2023-01-04 11:28:41,142 [ERROR] LogOutputStream:74 - [STDERR_REDIRECT] Managed Build system manifest file error: Option ilg.gnuarmeclipse.managedbuild.cross.option.architecture.930125598 uses a null category that is invalid in its context. The option was ignored.
2023-01-04 11:28:41,142 [ERROR] LogOutputStream:74 - [STDERR_REDIRECT] Managed Build system manifest file error: Option ilg.gnuarmeclipse.managedbuild.cross.option.arm.target.instructionset.774136310 uses a null category that is invalid in its context. The option was ignored.
2023-01-04 11:28:41,143 [ERROR] LogOutputStream:74 - [STDERR_REDIRECT] Managed Build system manifest file error: Option ilg.gnuarmeclipse.managedbuild.cross.option.command.prefix.376816669 uses a null category that is invalid in its context. The option was ignored.
2023-01-04 11:28:41,143 [ERROR] LogOutputStream:74 - [STDERR_REDIRECT] Managed Build system manifest file error: Option ilg.gnuarmeclipse.managedbuild.cross.option.command.c.767884129 uses a null category that is invalid in its context. The option was ignored.
2023-01-04 11:28:41,143 [ERROR] LogOutputStream:74 - [STDERR_REDIRECT] Managed Build system manifest file error: Option ilg.gnuarmeclipse.managedbuild.cross.option.command.cpp.1494666453 uses a null category that is invalid in its context. The option was ignored.
2023-01-04 11:28:41,144 [ERROR] LogOutputStream:74 - [STDERR_REDIRECT] Managed Build system manifest file error: Option ilg.gnuarmeclipse.managedbuild.cross.option.command.ar.923553417 uses a null category that is invalid in its context. The option was ignored.
2023-01-04 11:28:41,144 [ERROR] LogOutputStream:74 - [STDERR_REDIRECT] Managed Build system manifest file error: Option ilg.gnuarmeclipse.managedbuild.cross.option.command.objcopy.1489938383 uses a null category that is invalid in its context. The option was ignored.
2023-01-04 11:28:41,144 [ERROR] LogOutputStream:74 - [STDERR_REDIRECT] Managed Build system manifest file error: Option ilg.gnuarmeclipse.managedbuild.cross.option.command.objdump.1116327311 uses a null category that is invalid in its context. The option was ignored.
2023-01-04 11:28:41,144 [ERROR] LogOutputStream:74 - [STDERR_REDIRECT] Managed Build system manifest file error: Option ilg.gnuarmeclipse.managedbuild.cross.option.command.size.143998234 uses a null category that is invalid in its context. The option was ignored.
2023-01-04 11:28:41,144 [ERROR] LogOutputStream:74 - [STDERR_REDIRECT] Managed Build system manifest file error: Option ilg.gnuarmeclipse.managedbuild.cross.option.command.make.1158577474 uses a null category that is invalid in its context. The option was ignored.
2023-01-04 11:28:41,145 [ERROR] LogOutputStream:74 - [STDERR_REDIRECT] Managed Build system manifest file error: Option ilg.gnuarmeclipse.managedbuild.cross.option.command.rm.1232909954 uses a null category that is invalid in its context. The option was ignored.
2023-01-04 11:28:41,150 [ERROR] LogOutputStream:74 - [STDERR_REDIRECT] Managed Build system manifest file error: Option ilg.gnuarmeclipse.managedbuild.cross.option.addtools.createflash.741724875 uses a null category that is invalid in its context. The option was ignored.
2023-01-04 11:28:41,151 [ERROR] LogOutputStream:74 - [STDERR_REDIRECT] Managed Build system manifest file error: Option ilg.gnuarmeclipse.managedbuild.cross.option.addtools.createlisting.1466614989 uses a null category that is invalid in its context. The option was ignored.
2023-01-04 11:28:41,151 [ERROR] LogOutputStream:74 - [STDERR_REDIRECT] Managed Build system manifest file error: Option ilg.gnuarmeclipse.managedbuild.cross.option.addtools.printsize.503117683 uses a null category that is invalid in its context. The option was ignored.
2023-01-04 11:28:41,151 [ERROR] LogOutputStream:74 - [STDERR_REDIRECT] Managed Build system manifest file error: Option ilg.gnuarmeclipse.managedbuild.cross.option.optimization.level.841990382 uses a null category that is invalid in its context. The option was ignored.
2023-01-04 11:28:41,151 [ERROR] LogOutputStream:74 - [STDERR_REDIRECT] Managed Build system manifest file error: Option ilg.gnuarmeclipse.managedbuild.cross.option.optimization.messagelength.986026770 uses a null category that is invalid in its context. The option was ignored.
2023-01-04 11:28:41,151 [ERROR] LogOutputStream:74 - [STDERR_REDIRECT] Managed Build system manifest file error: Option ilg.gnuarmeclipse.managedbuild.cross.option.optimization.signedchar.835454483 uses a null category that is invalid in its context. The option was ignored.
2023-01-04 11:28:41,152 [ERROR] LogOutputStream:74 - [STDERR_REDIRECT] Managed Build system manifest file error: Option ilg.gnuarmeclipse.managedbuild.cross.option.optimization.functionsections.1828406353 uses a null category that is invalid in its context. The option was ignored.
2023-01-04 11:28:41,152 [ERROR] LogOutputStream:74 - [STDERR_REDIRECT] Managed Build system manifest file error: Option ilg.gnuarmeclipse.managedbuild.cross.option.optimization.datasections.928474231 uses a null category that is invalid in its context. The option was ignored.
2023-01-04 11:28:41,152 [ERROR] LogOutputStream:74 - [STDERR_REDIRECT] Managed Build system manifest file error: Option ilg.gnuarmeclipse.managedbuild.cross.option.debugging.level.465120545 uses a null category that is invalid in its context. The option was ignored.
2023-01-04 11:28:41,152 [ERROR] LogOutputStream:74 - [STDERR_REDIRECT] Managed Build system manifest file error: Option ilg.gnuarmeclipse.managedbuild.cross.option.debugging.format.435600352 uses a null category that is invalid in its context. The option was ignored.
2023-01-04 11:28:41,152 [ERROR] LogOutputStream:74 - [STDERR_REDIRECT] Managed Build system manifest file error: Option ilg.gnuarmeclipse.managedbuild.cross.option.arm.target.family.1790806386 uses a null category that is invalid in its context. The option was ignored.
2023-01-04 11:28:41,153 [ERROR] LogOutputStream:74 - [STDERR_REDIRECT] Managed Build system manifest file error: Option ilg.gnuarmeclipse.managedbuild.cross.option.warnings.allwarn.358731576 uses a null category that is invalid in its context. The option was ignored.
2023-01-04 11:28:41,153 [ERROR] LogOutputStream:74 - [STDERR_REDIRECT] Managed Build system manifest file error: Option ilg.gnuarmeclipse.managedbuild.cross.option.warnings.extrawarn.424922486 uses a null category that is invalid in its context. The option was ignored.
2023-01-04 11:28:41,153 [ERROR] LogOutputStream:74 - [STDERR_REDIRECT] Managed Build system manifest file error: Option ilg.gnuarmeclipse.managedbuild.cross.option.optimization.freestanding.1531677157 uses a null category that is invalid in its context. The option was ignored.
2023-01-04 11:28:41,154 [ERROR] LogOutputStream:74 - [STDERR_REDIRECT] Managed Build system manifest file error: Option ilg.gnuarmeclipse.managedbuild.cross.option.toolchain.name.1441592869 uses a null category that is invalid in its context. The option was ignored.
2023-01-04 11:28:41,154 [ERROR] LogOutputStream:74 - [STDERR_REDIRECT] Managed Build system manifest file error: Option ilg.gnuarmeclipse.managedbuild.cross.option.architecture.1151527485 uses a null category that is invalid in its context. The option was ignored.
2023-01-04 11:28:41,154 [ERROR] LogOutputStream:74 - [STDERR_REDIRECT] Managed Build system manifest file error: Option ilg.gnuarmeclipse.managedbuild.cross.option.arm.target.instructionset.442336128 uses a null category that is invalid in its context. The option was ignored.
2023-01-04 11:28:41,154 [ERROR] LogOutputStream:74 - [STDERR_REDIRECT] Managed Build system manifest file error: Option ilg.gnuarmeclipse.managedbuild.cross.option.command.prefix.2011124726 uses a null category that is invalid in its context. The option was ignored.
2023-01-04 11:28:41,155 [ERROR] LogOutputStream:74 - [STDERR_REDIRECT] Managed Build system manifest file error: Option ilg.gnuarmeclipse.managedbuild.cross.option.command.c.404187120 uses a null category that is invalid in its context. The option was ignored.
2023-01-04 11:28:41,155 [ERROR] LogOutputStream:74 - [STDERR_REDIRECT] Managed Build system manifest file error: Option ilg.gnuarmeclipse.managedbuild.cross.option.command.cpp.1018155771 uses a null category that is invalid in its context. The option was ignored.
2023-01-04 11:28:41,155 [ERROR] LogOutputStream:74 - [STDERR_REDIRECT] Managed Build system manifest file error: Option ilg.gnuarmeclipse.managedbuild.cross.option.command.ar.1464040524 uses a null category that is invalid in its context. The option was ignored.
2023-01-04 11:28:41,155 [ERROR] LogOutputStream:74 - [STDERR_REDIRECT] Managed Build system manifest file error: Option ilg.gnuarmeclipse.managedbuild.cross.option.command.objcopy.1703850616 uses a null category that is invalid in its context. The option was ignored.
2023-01-04 11:28:41,156 [ERROR] LogOutputStream:74 - [STDERR_REDIRECT] Managed Build system manifest file error: Option ilg.gnuarmeclipse.managedbuild.cross.option.command.objdump.2115636337 uses a null category that is invalid in its context. The option was ignored.
2023-01-04 11:28:41,156 [ERROR] LogOutputStream:74 - [STDERR_REDIRECT] Managed Build system manifest file error: Option ilg.gnuarmeclipse.managedbuild.cross.option.command.size.297124550 uses a null category that is invalid in its context. The option was ignored.
2023-01-04 11:28:41,156 [ERROR] LogOutputStream:74 - [STDERR_REDIRECT] Managed Build system manifest file error: Option ilg.gnuarmeclipse.managedbuild.cross.option.command.make.1415140296 uses a null category that is invalid in its context. The option was ignored.
2023-01-04 11:28:41,156 [ERROR] LogOutputStream:74 - [STDERR_REDIRECT] Managed Build system manifest file error: Option ilg.gnuarmeclipse.managedbuild.cross.option.command.rm.1084272834 uses a null category that is invalid in its context. The option was ignored.
2023-01-04 11:31:06,232 [INFO] Activator:177 - 


2023-01-04 11:31:06,233 [INFO] Activator:178 - !SESSION log4j initialized
2023-01-04 11:31:09,519 [ERROR] LogOutputStream:74 - [STDERR_REDIRECT] Managed Build system manifest file error: Option ilg.gnuarmeclipse.managedbuild.cross.option.addtools.createflash.1512919854 uses a null category that is invalid in its context. The option was ignored.
2023-01-04 11:31:09,520 [ERROR] LogOutputStream:74 - [STDERR_REDIRECT] Managed Build system manifest file error: Option ilg.gnuarmeclipse.managedbuild.cross.option.addtools.createlisting.151175592 uses a null category that is invalid in its context. The option was ignored.
2023-01-04 11:31:09,520 [ERROR] LogOutputStream:74 - [STDERR_REDIRECT] Managed Build system manifest file error: Option ilg.gnuarmeclipse.managedbuild.cross.option.addtools.printsize.1504584103 uses a null category that is invalid in its context. The option was ignored.
2023-01-04 11:31:09,521 [ERROR] LogOutputStream:74 - [STDERR_REDIRECT] Managed Build system manifest file error: Option ilg.gnuarmeclipse.managedbuild.cross.option.optimization.level.895906240 uses a null category that is invalid in its context. The option was ignored.
2023-01-04 11:31:09,521 [ERROR] LogOutputStream:74 - [STDERR_REDIRECT] Managed Build system manifest file error: Option ilg.gnuarmeclipse.managedbuild.cross.option.optimization.messagelength.1505974484 uses a null category that is invalid in its context. The option was ignored.
2023-01-04 11:31:09,522 [ERROR] LogOutputStream:74 - [STDERR_REDIRECT] Managed Build system manifest file error: Option ilg.gnuarmeclipse.managedbuild.cross.option.optimization.signedchar.58071730 uses a null category that is invalid in its context. The option was ignored.
2023-01-04 11:31:09,523 [ERROR] LogOutputStream:74 - [STDERR_REDIRECT] Managed Build system manifest file error: Option ilg.gnuarmeclipse.managedbuild.cross.option.optimization.functionsections.1677072779 uses a null category that is invalid in its context. The option was ignored.
2023-01-04 11:31:09,523 [ERROR] LogOutputStream:74 - [STDERR_REDIRECT] Managed Build system manifest file error: Option ilg.gnuarmeclipse.managedbuild.cross.option.optimization.datasections.1720414971 uses a null category that is invalid in its context. The option was ignored.
2023-01-04 11:31:09,524 [ERROR] LogOutputStream:74 - [STDERR_REDIRECT] Managed Build system manifest file error: Option ilg.gnuarmeclipse.managedbuild.cross.option.debugging.level.48765758 uses a null category that is invalid in its context. The option was ignored.
2023-01-04 11:31:09,524 [ERROR] LogOutputStream:74 - [STDERR_REDIRECT] Managed Build system manifest file error: Option ilg.gnuarmeclipse.managedbuild.cross.option.debugging.format.33229316 uses a null category that is invalid in its context. The option was ignored.
2023-01-04 11:31:09,525 [ERROR] LogOutputStream:74 - [STDERR_REDIRECT] Managed Build system manifest file error: Option ilg.gnuarmeclipse.managedbuild.cross.option.arm.target.family.1511212790 uses a null category that is invalid in its context. The option was ignored.
2023-01-04 11:31:09,525 [ERROR] LogOutputStream:74 - [STDERR_REDIRECT] Managed Build system manifest file error: Option ilg.gnuarmeclipse.managedbuild.cross.option.warnings.allwarn.1226961541 uses a null category that is invalid in its context. The option was ignored.
2023-01-04 11:31:09,526 [ERROR] LogOutputStream:74 - [STDERR_REDIRECT] Managed Build system manifest file error: Option ilg.gnuarmeclipse.managedbuild.cross.option.warnings.extrawarn.50078536 uses a null category that is invalid in its context. The option was ignored.
2023-01-04 11:31:09,526 [ERROR] LogOutputStream:74 - [STDERR_REDIRECT] Managed Build system manifest file error: Option ilg.gnuarmeclipse.managedbuild.cross.option.optimization.freestanding.1714671380 uses a null category that is invalid in its context. The option was ignored.
2023-01-04 11:31:09,527 [ERROR] LogOutputStream:74 - [STDERR_REDIRECT] Managed Build system manifest file error: Option ilg.gnuarmeclipse.managedbuild.cross.option.optimization.nomoveloopinvariants.1216646071 uses a null category that is invalid in its context. The option was ignored.
2023-01-04 11:31:09,527 [ERROR] LogOutputStream:74 - [STDERR_REDIRECT] Managed Build system manifest file error: Option ilg.gnuarmeclipse.managedbuild.cross.option.toolchain.name.341344876 uses a null category that is invalid in its context. The option was ignored.
2023-01-04 11:31:09,528 [ERROR] LogOutputStream:74 - [STDERR_REDIRECT] Managed Build system manifest file error: Option ilg.gnuarmeclipse.managedbuild.cross.option.architecture.930125598 uses a null category that is invalid in its context. The option was ignored.
2023-01-04 11:31:09,528 [ERROR] LogOutputStream:74 - [STDERR_REDIRECT] Managed Build system manifest file error: Option ilg.gnuarmeclipse.managedbuild.cross.option.arm.target.instructionset.774136310 uses a null category that is invalid in its context. The option was ignored.
2023-01-04 11:31:09,529 [ERROR] LogOutputStream:74 - [STDERR_REDIRECT] Managed Build system manifest file error: Option ilg.gnuarmeclipse.managedbuild.cross.option.command.prefix.376816669 uses a null category that is invalid in its context. The option was ignored.
2023-01-04 11:31:09,529 [ERROR] LogOutputStream:74 - [STDERR_REDIRECT] Managed Build system manifest file error: Option ilg.gnuarmeclipse.managedbuild.cross.option.command.c.767884129 uses a null category that is invalid in its context. The option was ignored.
2023-01-04 11:31:09,530 [ERROR] LogOutputStream:74 - [STDERR_REDIRECT] Managed Build system manifest file error: Option ilg.gnuarmeclipse.managedbuild.cross.option.command.cpp.1494666453 uses a null category that is invalid in its context. The option was ignored.
2023-01-04 11:31:09,530 [ERROR] LogOutputStream:74 - [STDERR_REDIRECT] Managed Build system manifest file error: Option ilg.gnuarmeclipse.managedbuild.cross.option.command.ar.923553417 uses a null category that is invalid in its context. The option was ignored.
2023-01-04 11:31:09,531 [ERROR] LogOutputStream:74 - [STDERR_REDIRECT] Managed Build system manifest file error: Option ilg.gnuarmeclipse.managedbuild.cross.option.command.objcopy.1489938383 uses a null category that is invalid in its context. The option was ignored.
2023-01-04 11:31:09,531 [ERROR] LogOutputStream:74 - [STDERR_REDIRECT] Managed Build system manifest file error: Option ilg.gnuarmeclipse.managedbuild.cross.option.command.objdump.1116327311 uses a null category that is invalid in its context. The option was ignored.
2023-01-04 11:31:09,532 [ERROR] LogOutputStream:74 - [STDERR_REDIRECT] Managed Build system manifest file error: Option ilg.gnuarmeclipse.managedbuild.cross.option.command.size.143998234 uses a null category that is invalid in its context. The option was ignored.
2023-01-04 11:31:09,532 [ERROR] LogOutputStream:74 - [STDERR_REDIRECT] Managed Build system manifest file error: Option ilg.gnuarmeclipse.managedbuild.cross.option.command.make.1158577474 uses a null category that is invalid in its context. The option was ignored.
2023-01-04 11:31:09,533 [ERROR] LogOutputStream:74 - [STDERR_REDIRECT] Managed Build system manifest file error: Option ilg.gnuarmeclipse.managedbuild.cross.option.command.rm.1232909954 uses a null category that is invalid in its context. The option was ignored.
2023-01-04 11:31:09,551 [ERROR] LogOutputStream:74 - [STDERR_REDIRECT] Managed Build system manifest file error: Option ilg.gnuarmeclipse.managedbuild.cross.option.addtools.createflash.741724875 uses a null category that is invalid in its context. The option was ignored.
2023-01-04 11:31:09,552 [ERROR] LogOutputStream:74 - [STDERR_REDIRECT] Managed Build system manifest file error: Option ilg.gnuarmeclipse.managedbuild.cross.option.addtools.createlisting.1466614989 uses a null category that is invalid in its context. The option was ignored.
2023-01-04 11:31:09,552 [ERROR] LogOutputStream:74 - [STDERR_REDIRECT] Managed Build system manifest file error: Option ilg.gnuarmeclipse.managedbuild.cross.option.addtools.printsize.503117683 uses a null category that is invalid in its context. The option was ignored.
2023-01-04 11:31:09,552 [ERROR] LogOutputStream:74 - [STDERR_REDIRECT] Managed Build system manifest file error: Option ilg.gnuarmeclipse.managedbuild.cross.option.optimization.level.841990382 uses a null category that is invalid in its context. The option was ignored.
2023-01-04 11:31:09,553 [ERROR] LogOutputStream:74 - [STDERR_REDIRECT] Managed Build system manifest file error: Option ilg.gnuarmeclipse.managedbuild.cross.option.optimization.messagelength.986026770 uses a null category that is invalid in its context. The option was ignored.
2023-01-04 11:31:09,553 [ERROR] LogOutputStream:74 - [STDERR_REDIRECT] Managed Build system manifest file error: Option ilg.gnuarmeclipse.managedbuild.cross.option.optimization.signedchar.835454483 uses a null category that is invalid in its context. The option was ignored.
2023-01-04 11:31:09,553 [ERROR] LogOutputStream:74 - [STDERR_REDIRECT] Managed Build system manifest file error: Option ilg.gnuarmeclipse.managedbuild.cross.option.optimization.functionsections.1828406353 uses a null category that is invalid in its context. The option was ignored.
2023-01-04 11:31:09,553 [ERROR] LogOutputStream:74 - [STDERR_REDIRECT] Managed Build system manifest file error: Option ilg.gnuarmeclipse.managedbuild.cross.option.optimization.datasections.928474231 uses a null category that is invalid in its context. The option was ignored.
2023-01-04 11:31:09,554 [ERROR] LogOutputStream:74 - [STDERR_REDIRECT] Managed Build system manifest file error: Option ilg.gnuarmeclipse.managedbuild.cross.option.debugging.level.465120545 uses a null category that is invalid in its context. The option was ignored.
2023-01-04 11:31:09,554 [ERROR] LogOutputStream:74 - [STDERR_REDIRECT] Managed Build system manifest file error: Option ilg.gnuarmeclipse.managedbuild.cross.option.debugging.format.435600352 uses a null category that is invalid in its context. The option was ignored.
2023-01-04 11:31:09,554 [ERROR] LogOutputStream:74 - [STDERR_REDIRECT] Managed Build system manifest file error: Option ilg.gnuarmeclipse.managedbuild.cross.option.arm.target.family.1790806386 uses a null category that is invalid in its context. The option was ignored.
2023-01-04 11:31:09,555 [ERROR] LogOutputStream:74 - [STDERR_REDIRECT] Managed Build system manifest file error: Option ilg.gnuarmeclipse.managedbuild.cross.option.warnings.allwarn.358731576 uses a null category that is invalid in its context. The option was ignored.
2023-01-04 11:31:09,555 [ERROR] LogOutputStream:74 - [STDERR_REDIRECT] Managed Build system manifest file error: Option ilg.gnuarmeclipse.managedbuild.cross.option.warnings.extrawarn.424922486 uses a null category that is invalid in its context. The option was ignored.
2023-01-04 11:31:09,555 [ERROR] LogOutputStream:74 - [STDERR_REDIRECT] Managed Build system manifest file error: Option ilg.gnuarmeclipse.managedbuild.cross.option.optimization.freestanding.1531677157 uses a null category that is invalid in its context. The option was ignored.
2023-01-04 11:31:09,555 [ERROR] LogOutputStream:74 - [STDERR_REDIRECT] Managed Build system manifest file error: Option ilg.gnuarmeclipse.managedbuild.cross.option.toolchain.name.1441592869 uses a null category that is invalid in its context. The option was ignored.
2023-01-04 11:31:09,556 [ERROR] LogOutputStream:74 - [STDERR_REDIRECT] Managed Build system manifest file error: Option ilg.gnuarmeclipse.managedbuild.cross.option.architecture.1151527485 uses a null category that is invalid in its context. The option was ignored.
2023-01-04 11:31:09,556 [ERROR] LogOutputStream:74 - [STDERR_REDIRECT] Managed Build system manifest file error: Option ilg.gnuarmeclipse.managedbuild.cross.option.arm.target.instructionset.442336128 uses a null category that is invalid in its context. The option was ignored.
2023-01-04 11:31:09,556 [ERROR] LogOutputStream:74 - [STDERR_REDIRECT] Managed Build system manifest file error: Option ilg.gnuarmeclipse.managedbuild.cross.option.command.prefix.2011124726 uses a null category that is invalid in its context. The option was ignored.
2023-01-04 11:31:09,557 [ERROR] LogOutputStream:74 - [STDERR_REDIRECT] Managed Build system manifest file error: Option ilg.gnuarmeclipse.managedbuild.cross.option.command.c.404187120 uses a null category that is invalid in its context. The option was ignored.
2023-01-04 11:31:09,557 [ERROR] LogOutputStream:74 - [STDERR_REDIRECT] Managed Build system manifest file error: Option ilg.gnuarmeclipse.managedbuild.cross.option.command.cpp.1018155771 uses a null category that is invalid in its context. The option was ignored.
2023-01-04 11:31:09,558 [ERROR] LogOutputStream:74 - [STDERR_REDIRECT] Managed Build system manifest file error: Option ilg.gnuarmeclipse.managedbuild.cross.option.command.ar.1464040524 uses a null category that is invalid in its context. The option was ignored.
2023-01-04 11:31:09,558 [ERROR] LogOutputStream:74 - [STDERR_REDIRECT] Managed Build system manifest file error: Option ilg.gnuarmeclipse.managedbuild.cross.option.command.objcopy.1703850616 uses a null category that is invalid in its context. The option was ignored.
2023-01-04 11:31:09,558 [ERROR] LogOutputStream:74 - [STDERR_REDIRECT] Managed Build system manifest file error: Option ilg.gnuarmeclipse.managedbuild.cross.option.command.objdump.2115636337 uses a null category that is invalid in its context. The option was ignored.
2023-01-04 11:31:09,559 [ERROR] LogOutputStream:74 - [STDERR_REDIRECT] Managed Build system manifest file error: Option ilg.gnuarmeclipse.managedbuild.cross.option.command.size.297124550 uses a null category that is invalid in its context. The option was ignored.
2023-01-04 11:31:09,559 [ERROR] LogOutputStream:74 - [STDERR_REDIRECT] Managed Build system manifest file error: Option ilg.gnuarmeclipse.managedbuild.cross.option.command.make.1415140296 uses a null category that is invalid in its context. The option was ignored.
2023-01-04 11:31:09,559 [ERROR] LogOutputStream:74 - [STDERR_REDIRECT] Managed Build system manifest file error: Option ilg.gnuarmeclipse.managedbuild.cross.option.command.rm.1084272834 uses a null category that is invalid in its context. The option was ignored.
2023-01-04 11:31:30,671 [ERROR] LogOutputStream:74 - [STDERR_REDIRECT] SLF4J: Failed to load class "org.slf4j.impl.StaticLoggerBinder".
2023-01-04 11:31:30,672 [ERROR] LogOutputStream:74 - [STDERR_REDIRECT] SLF4J: Defaulting to no-operation (NOP) logger implementation
2023-01-04 11:31:30,672 [ERROR] LogOutputStream:74 - [STDERR_REDIRECT] SLF4J: See http://www.slf4j.org/codes.html#StaticLoggerBinder for further details.
